<?xml version="1.0" encoding="UTF-8"?>
<coverage generated="1700210849656" clover="3.2.0">
  <project timestamp="1700210849656" name="All files">
    <metrics statements="37" coveredstatements="37" conditionals="17" coveredconditionals="17" methods="4" coveredmethods="4" elements="58" coveredelements="58" complexity="0" loc="37" ncloc="37" packages="1" files="1" classes="1"/>
    <file name="ChartDataPreparation.tsx" path="/home/bmenghan/Documents/kruize/kruize-ui/src/app/Analytics/SRE_Analytics/RecommendationComponents/ChartDataPreparation.tsx">
      <metrics statements="37" coveredstatements="37" conditionals="17" coveredconditionals="17" methods="4" coveredmethods="4"/>
      <line num="1" count="1" type="stmt"/>
      <line num="4" count="4" type="cond" truecount="2" falsecount="0"/>
      <line num="5" count="1" type="stmt"/>
      <line num="6" count="3" type="cond" truecount="2" falsecount="0"/>
      <line num="7" count="1" type="stmt"/>
      <line num="8" count="2" type="cond" truecount="2" falsecount="0"/>
      <line num="9" count="1" type="stmt"/>
      <line num="11" count="1" type="stmt"/>
      <line num="14" count="3" type="stmt"/>
      <line num="15" count="3" type="stmt"/>
      <line num="16" count="3" type="stmt"/>
      <line num="18" count="3" type="stmt"/>
      <line num="19" count="45" type="cond" truecount="1" falsecount="0"/>
      <line num="20" count="45" type="stmt"/>
      <line num="22" count="45" type="cond" truecount="3" falsecount="0"/>
      <line num="23" count="22" type="stmt"/>
      <line num="28" count="3" type="stmt"/>
      <line num="31" count="1" type="stmt"/>
      <line num="32" count="2" type="stmt"/>
      <line num="34" count="2" type="stmt"/>
      <line num="35" count="4" type="stmt"/>
      <line num="36" count="4" type="stmt"/>
      <line num="37" count="4" type="stmt"/>
      <line num="38" count="4" type="stmt"/>
      <line num="41" count="2" type="stmt"/>
      <line num="44" count="1" type="stmt"/>
      <line num="45" count="6" type="cond" truecount="2" falsecount="0"/>
      <line num="46" count="3" type="stmt"/>
      <line num="47" count="3" type="cond" truecount="1" falsecount="0"/>
      <line num="48" count="1" type="stmt"/>
      <line num="50" count="2" type="stmt"/>
      <line num="52" count="1" type="stmt"/>
      <line num="53" count="5" type="stmt"/>
      <line num="55" count="5" type="cond" truecount="3" falsecount="0"/>
      <line num="56" count="3" type="cond" truecount="1" falsecount="0"/>
      <line num="57" count="2" type="stmt"/>
      <line num="61" count="3" type="stmt"/>
    </file>
  </project>
</coverage>
