<?xml version="1.0" encoding="UTF-8"?>
<coverage generated="1700034159430" clover="3.2.0">
  <project timestamp="1700034159430" name="All files">
    <metrics statements="41" coveredstatements="41" conditionals="20" coveredconditionals="20" methods="5" coveredmethods="5" elements="66" coveredelements="66" complexity="0" loc="41" ncloc="41" packages="1" files="1" classes="1"/>
    <file name="ChartDataPreparation.tsx" path="/home/bmenghan/Documents/kruize/kruize-ui/src/app/Analytics/SRE_Analytics/RecommendationComponents/ChartDataPreparation.tsx">
      <metrics statements="41" coveredstatements="41" conditionals="20" coveredconditionals="20" methods="5" coveredmethods="5"/>
      <line num="1" count="1" type="stmt"/>
      <line num="3" count="1" type="stmt"/>
      <line num="6" count="4" type="cond" truecount="2" falsecount="0"/>
      <line num="7" count="1" type="stmt"/>
      <line num="8" count="3" type="cond" truecount="2" falsecount="0"/>
      <line num="9" count="1" type="stmt"/>
      <line num="10" count="2" type="cond" truecount="2" falsecount="0"/>
      <line num="11" count="1" type="stmt"/>
      <line num="13" count="1" type="stmt"/>
      <line num="16" count="3" type="stmt"/>
      <line num="19" count="1" type="stmt"/>
      <line num="20" count="2" type="stmt"/>
      <line num="22" count="2" type="stmt"/>
      <line num="23" count="4" type="stmt"/>
      <line num="24" count="4" type="stmt"/>
      <line num="25" count="4" type="stmt"/>
      <line num="26" count="4" type="stmt"/>
      <line num="29" count="2" type="stmt"/>
      <line num="32" count="1" type="stmt"/>
      <line num="33" count="6" type="cond" truecount="2" falsecount="0"/>
      <line num="34" count="3" type="stmt"/>
      <line num="35" count="3" type="cond" truecount="1" falsecount="0"/>
      <line num="36" count="1" type="stmt"/>
      <line num="38" count="2" type="stmt"/>
      <line num="40" count="1" type="stmt"/>
      <line num="41" count="5" type="stmt"/>
      <line num="43" count="5" type="cond" truecount="3" falsecount="0"/>
      <line num="44" count="3" type="cond" truecount="1" falsecount="0"/>
      <line num="45" count="2" type="stmt"/>
      <line num="49" count="3" type="stmt"/>
      <line num="52" count="1" type="stmt"/>
      <line num="53" count="6" type="stmt"/>
      <line num="54" count="6" type="stmt"/>
      <line num="55" count="6" type="stmt"/>
      <line num="57" count="6" type="stmt"/>
      <line num="58" count="24" type="cond" truecount="1" falsecount="0"/>
      <line num="59" count="24" type="stmt"/>
      <line num="61" count="24" type="cond" truecount="2" falsecount="0"/>
      <line num="64" count="24" type="cond" truecount="1" falsecount="0"/>
      <line num="69" count="6" type="stmt"/>
      <line num="74" count="6" type="stmt"/>
    </file>
  </project>
</coverage>
