{
  "/home/bmenghan/Documents/kruize/kruize-ui/src/app/Analytics/SRE_Analytics/RecommendationComponents/ChartDataPreparation.tsx": {
    "path": "/home/bmenghan/Documents/kruize/kruize-ui/src/app/Analytics/SRE_Analytics/RecommendationComponents/ChartDataPreparation.tsx",
    "statementMap": {
      "0": { "start": { "line": 4, "column": 2 }, "end": { "line": 12, "column": null } },
      "1": { "start": { "line": 5, "column": 4 }, "end": { "line": 5, "column": 16 } },
      "2": { "start": { "line": 6, "column": 9 }, "end": { "line": 12, "column": null } },
      "3": { "start": { "line": 7, "column": 4 }, "end": { "line": 7, "column": 16 } },
      "4": { "start": { "line": 8, "column": 9 }, "end": { "line": 12, "column": null } },
      "5": { "start": { "line": 9, "column": 4 }, "end": { "line": 9, "column": 17 } },
      "6": { "start": { "line": 11, "column": 4 }, "end": { "line": 11, "column": 86 } },
      "7": { "start": { "line": 14, "column": 25 }, "end": { "line": 14, "column": 44 } },
      "8": { "start": { "line": 15, "column": 25 }, "end": { "line": 15, "column": 45 } },
      "9": { "start": { "line": 16, "column": 23 }, "end": { "line": 16, "column": 25 } },
      "10": { "start": { "line": 18, "column": 2 }, "end": { "line": 26, "column": null } },
      "11": { "start": { "line": 19, "column": 4 }, "end": { "line": 25, "column": null } },
      "12": { "start": { "line": 20, "column": 30 }, "end": { "line": 20, "column": 45 } },
      "13": { "start": { "line": 22, "column": 6 }, "end": { "line": 24, "column": null } },
      "14": { "start": { "line": 23, "column": 8 }, "end": { "line": 23, "column": 38 } },
      "15": { "start": { "line": 28, "column": 2 }, "end": { "line": 28, "column": 22 } },
      "16": { "start": { "line": 1, "column": 0 }, "end": { "line": 1, "column": 16 } },
      "17": { "start": { "line": 32, "column": 24 }, "end": { "line": 32, "column": 26 } },
      "18": { "start": { "line": 34, "column": 2 }, "end": { "line": 39, "column": null } },
      "19": { "start": { "line": 35, "column": 18 }, "end": { "line": 35, "column": 38 } },
      "20": { "start": { "line": 36, "column": 17 }, "end": { "line": 36, "column": 25 } },
      "21": { "start": { "line": 37, "column": 17 }, "end": { "line": 37, "column": 37 } },
      "22": { "start": { "line": 38, "column": 4 }, "end": { "line": 38, "column": 65 } },
      "23": { "start": { "line": 41, "column": 2 }, "end": { "line": 41, "column": 23 } },
      "24": { "start": { "line": 31, "column": 0 }, "end": { "line": 31, "column": 16 } },
      "25": { "start": { "line": 45, "column": 2 }, "end": { "line": 49, "column": null } },
      "26": { "start": { "line": 46, "column": 4 }, "end": { "line": 46, "column": 40 } },
      "27": { "start": { "line": 47, "column": 9 }, "end": { "line": 49, "column": null } },
      "28": { "start": { "line": 48, "column": 4 }, "end": { "line": 48, "column": 48 } },
      "29": { "start": { "line": 50, "column": 2 }, "end": { "line": 50, "column": 15 } },
      "30": { "start": { "line": 44, "column": 0 }, "end": { "line": 44, "column": 16 } },
      "31": { "start": { "line": 53, "column": 17 }, "end": { "line": 53, "column": 32 } },
      "32": { "start": { "line": 55, "column": 2 }, "end": { "line": 59, "column": null } },
      "33": { "start": { "line": 56, "column": 4 }, "end": { "line": 58, "column": null } },
      "34": { "start": { "line": 57, "column": 6 }, "end": { "line": 57, "column": 26 } },
      "35": { "start": { "line": 61, "column": 2 }, "end": { "line": 61, "column": 13 } },
      "36": { "start": { "line": 52, "column": 0 }, "end": { "line": 52, "column": 16 } }
    },
    "fnMap": {
      "0": {
        "name": "filterDataByTerm",
        "decl": { "start": { "line": 1, "column": 16 }, "end": { "line": 1, "column": 32 } },
        "loc": { "start": { "line": 1, "column": 53 }, "end": { "line": 29, "column": 1 } }
      },
      "1": {
        "name": "formatTimestamps",
        "decl": { "start": { "line": 31, "column": 16 }, "end": { "line": 31, "column": 32 } },
        "loc": { "start": { "line": 31, "column": 47 }, "end": { "line": 42, "column": 1 } }
      },
      "2": {
        "name": "formatNumber",
        "decl": { "start": { "line": 44, "column": 16 }, "end": { "line": 44, "column": 28 } },
        "loc": { "start": { "line": 44, "column": 34 }, "end": { "line": 51, "column": 1 } }
      },
      "3": {
        "name": "addPlusSign",
        "decl": { "start": { "line": 52, "column": 16 }, "end": { "line": 52, "column": 27 } },
        "loc": { "start": { "line": 52, "column": 31 }, "end": { "line": 62, "column": 1 } }
      }
    },
    "branchMap": {
      "0": {
        "loc": { "start": { "line": 4, "column": 2 }, "end": { "line": 12, "column": null } },
        "type": "if",
        "locations": [
          { "start": { "line": 4, "column": 2 }, "end": { "line": 12, "column": null } },
          { "start": { "line": 6, "column": 9 }, "end": { "line": 12, "column": null } }
        ]
      },
      "1": {
        "loc": { "start": { "line": 6, "column": 9 }, "end": { "line": 12, "column": null } },
        "type": "if",
        "locations": [
          { "start": { "line": 6, "column": 9 }, "end": { "line": 12, "column": null } },
          { "start": { "line": 8, "column": 9 }, "end": { "line": 12, "column": null } }
        ]
      },
      "2": {
        "loc": { "start": { "line": 8, "column": 9 }, "end": { "line": 12, "column": null } },
        "type": "if",
        "locations": [
          { "start": { "line": 8, "column": 9 }, "end": { "line": 12, "column": null } },
          { "start": { "line": 10, "column": 9 }, "end": { "line": 12, "column": null } }
        ]
      },
      "3": {
        "loc": { "start": { "line": 19, "column": 4 }, "end": { "line": 25, "column": null } },
        "type": "if",
        "locations": [{ "start": { "line": 19, "column": 4 }, "end": { "line": 25, "column": null } }]
      },
      "4": {
        "loc": { "start": { "line": 22, "column": 6 }, "end": { "line": 24, "column": null } },
        "type": "if",
        "locations": [{ "start": { "line": 22, "column": 6 }, "end": { "line": 24, "column": null } }]
      },
      "5": {
        "loc": { "start": { "line": 22, "column": 10 }, "end": { "line": 22, "column": 111 } },
        "type": "binary-expr",
        "locations": [
          { "start": { "line": 22, "column": 10 }, "end": { "line": 22, "column": 70 } },
          { "start": { "line": 22, "column": 74 }, "end": { "line": 22, "column": 111 } }
        ]
      },
      "6": {
        "loc": { "start": { "line": 45, "column": 2 }, "end": { "line": 49, "column": null } },
        "type": "if",
        "locations": [
          { "start": { "line": 45, "column": 2 }, "end": { "line": 49, "column": null } },
          { "start": { "line": 47, "column": 9 }, "end": { "line": 49, "column": null } }
        ]
      },
      "7": {
        "loc": { "start": { "line": 47, "column": 9 }, "end": { "line": 49, "column": null } },
        "type": "if",
        "locations": [{ "start": { "line": 47, "column": 9 }, "end": { "line": 49, "column": null } }]
      },
      "8": {
        "loc": { "start": { "line": 55, "column": 2 }, "end": { "line": 59, "column": null } },
        "type": "if",
        "locations": [{ "start": { "line": 55, "column": 2 }, "end": { "line": 59, "column": null } }]
      },
      "9": {
        "loc": { "start": { "line": 55, "column": 6 }, "end": { "line": 55, "column": 40 } },
        "type": "binary-expr",
        "locations": [
          { "start": { "line": 55, "column": 6 }, "end": { "line": 55, "column": 20 } },
          { "start": { "line": 55, "column": 24 }, "end": { "line": 55, "column": 40 } }
        ]
      },
      "10": {
        "loc": { "start": { "line": 56, "column": 4 }, "end": { "line": 58, "column": null } },
        "type": "if",
        "locations": [{ "start": { "line": 56, "column": 4 }, "end": { "line": 58, "column": null } }]
      }
    },
    "s": {
      "0": 4,
      "1": 1,
      "2": 3,
      "3": 1,
      "4": 2,
      "5": 1,
      "6": 1,
      "7": 3,
      "8": 3,
      "9": 3,
      "10": 3,
      "11": 45,
      "12": 45,
      "13": 45,
      "14": 22,
      "15": 3,
      "16": 1,
      "17": 2,
      "18": 2,
      "19": 4,
      "20": 4,
      "21": 4,
      "22": 4,
      "23": 2,
      "24": 1,
      "25": 6,
      "26": 3,
      "27": 3,
      "28": 1,
      "29": 2,
      "30": 1,
      "31": 5,
      "32": 5,
      "33": 3,
      "34": 2,
      "35": 3,
      "36": 1
    },
    "f": { "0": 4, "1": 2, "2": 6, "3": 5 },
    "b": {
      "0": [1, 3],
      "1": [1, 2],
      "2": [1, 1],
      "3": [45],
      "4": [22],
      "5": [45, 25],
      "6": [3, 3],
      "7": [1],
      "8": [3],
      "9": [5, 3],
      "10": [2]
    }
  }
}
