{"/home/bmenghan/Documents/kruize/kruize-ui/src/app/Analytics/SRE_Analytics/RecommendationComponents/ChartDataPreparation.tsx": {"path":"/home/bmenghan/Documents/kruize/kruize-ui/src/app/Analytics/SRE_Analytics/RecommendationComponents/ChartDataPreparation.tsx","statementMap":{"0":{"start":{"line":1,"column":0},"end":{"line":1,"column":50}},"1":{"start":{"line":6,"column":2},"end":{"line":14,"column":null}},"2":{"start":{"line":7,"column":4},"end":{"line":7,"column":16}},"3":{"start":{"line":8,"column":9},"end":{"line":14,"column":null}},"4":{"start":{"line":9,"column":4},"end":{"line":9,"column":16}},"5":{"start":{"line":10,"column":9},"end":{"line":14,"column":null}},"6":{"start":{"line":11,"column":4},"end":{"line":11,"column":17}},"7":{"start":{"line":13,"column":4},"end":{"line":13,"column":86}},"8":{"start":{"line":16,"column":2},"end":{"line":16,"column":53}},"9":{"start":{"line":3,"column":0},"end":{"line":3,"column":16}},"10":{"start":{"line":20,"column":24},"end":{"line":20,"column":26}},"11":{"start":{"line":22,"column":2},"end":{"line":27,"column":null}},"12":{"start":{"line":23,"column":18},"end":{"line":23,"column":38}},"13":{"start":{"line":24,"column":17},"end":{"line":24,"column":25}},"14":{"start":{"line":25,"column":17},"end":{"line":25,"column":37}},"15":{"start":{"line":26,"column":4},"end":{"line":26,"column":65}},"16":{"start":{"line":29,"column":2},"end":{"line":29,"column":23}},"17":{"start":{"line":19,"column":0},"end":{"line":19,"column":16}},"18":{"start":{"line":33,"column":2},"end":{"line":37,"column":null}},"19":{"start":{"line":34,"column":4},"end":{"line":34,"column":40}},"20":{"start":{"line":35,"column":9},"end":{"line":37,"column":null}},"21":{"start":{"line":36,"column":4},"end":{"line":36,"column":48}},"22":{"start":{"line":38,"column":2},"end":{"line":38,"column":15}},"23":{"start":{"line":32,"column":0},"end":{"line":32,"column":16}},"24":{"start":{"line":41,"column":17},"end":{"line":41,"column":32}},"25":{"start":{"line":43,"column":2},"end":{"line":47,"column":null}},"26":{"start":{"line":44,"column":4},"end":{"line":46,"column":null}},"27":{"start":{"line":45,"column":6},"end":{"line":45,"column":26}},"28":{"start":{"line":49,"column":2},"end":{"line":49,"column":13}},"29":{"start":{"line":40,"column":0},"end":{"line":40,"column":16}},"30":{"start":{"line":53,"column":25},"end":{"line":53,"column":44}},"31":{"start":{"line":54,"column":25},"end":{"line":54,"column":45}},"32":{"start":{"line":55,"column":23},"end":{"line":55,"column":25}},"33":{"start":{"line":57,"column":2},"end":{"line":72,"column":null}},"34":{"start":{"line":58,"column":4},"end":{"line":71,"column":null}},"35":{"start":{"line":59,"column":30},"end":{"line":59,"column":45}},"36":{"start":{"line":61,"column":8},"end":{"line":62,"column":70}},"37":{"start":{"line":64,"column":6},"end":{"line":70,"column":null}},"38":{"start":{"line":69,"column":8},"end":{"line":69,"column":38}},"39":{"start":{"line":74,"column":2},"end":{"line":74,"column":22}},"40":{"start":{"line":52,"column":0},"end":{"line":52,"column":16}}},"fnMap":{"0":{"name":"filterDataByTerm","decl":{"start":{"line":3,"column":16},"end":{"line":3,"column":32}},"loc":{"start":{"line":3,"column":53},"end":{"line":17,"column":1}}},"1":{"name":"formatTimestamps","decl":{"start":{"line":19,"column":16},"end":{"line":19,"column":32}},"loc":{"start":{"line":19,"column":47},"end":{"line":30,"column":1}}},"2":{"name":"formatNumber","decl":{"start":{"line":32,"column":16},"end":{"line":32,"column":28}},"loc":{"start":{"line":32,"column":34},"end":{"line":39,"column":1}}},"3":{"name":"addPlusSign","decl":{"start":{"line":40,"column":16},"end":{"line":40,"column":27}},"loc":{"start":{"line":40,"column":31},"end":{"line":50,"column":1}}},"4":{"name":"filterLastNNDayData","decl":{"start":{"line":52,"column":16},"end":{"line":52,"column":35}},"loc":{"start":{"line":52,"column":59},"end":{"line":75,"column":1}}}},"branchMap":{"0":{"loc":{"start":{"line":6,"column":2},"end":{"line":14,"column":null}},"type":"if","locations":[{"start":{"line":6,"column":2},"end":{"line":14,"column":null}},{"start":{"line":8,"column":9},"end":{"line":14,"column":null}}]},"1":{"loc":{"start":{"line":8,"column":9},"end":{"line":14,"column":null}},"type":"if","locations":[{"start":{"line":8,"column":9},"end":{"line":14,"column":null}},{"start":{"line":10,"column":9},"end":{"line":14,"column":null}}]},"2":{"loc":{"start":{"line":10,"column":9},"end":{"line":14,"column":null}},"type":"if","locations":[{"start":{"line":10,"column":9},"end":{"line":14,"column":null}},{"start":{"line":12,"column":9},"end":{"line":14,"column":null}}]},"3":{"loc":{"start":{"line":33,"column":2},"end":{"line":37,"column":null}},"type":"if","locations":[{"start":{"line":33,"column":2},"end":{"line":37,"column":null}},{"start":{"line":35,"column":9},"end":{"line":37,"column":null}}]},"4":{"loc":{"start":{"line":35,"column":9},"end":{"line":37,"column":null}},"type":"if","locations":[{"start":{"line":35,"column":9},"end":{"line":37,"column":null}}]},"5":{"loc":{"start":{"line":43,"column":2},"end":{"line":47,"column":null}},"type":"if","locations":[{"start":{"line":43,"column":2},"end":{"line":47,"column":null}}]},"6":{"loc":{"start":{"line":43,"column":6},"end":{"line":43,"column":40}},"type":"binary-expr","locations":[{"start":{"line":43,"column":6},"end":{"line":43,"column":20}},{"start":{"line":43,"column":24},"end":{"line":43,"column":40}}]},"7":{"loc":{"start":{"line":44,"column":4},"end":{"line":46,"column":null}},"type":"if","locations":[{"start":{"line":44,"column":4},"end":{"line":46,"column":null}}]},"8":{"loc":{"start":{"line":58,"column":4},"end":{"line":71,"column":null}},"type":"if","locations":[{"start":{"line":58,"column":4},"end":{"line":71,"column":null}}]},"9":{"loc":{"start":{"line":61,"column":8},"end":{"line":62,"column":70}},"type":"binary-expr","locations":[{"start":{"line":61,"column":8},"end":{"line":61,"column":66}},{"start":{"line":62,"column":8},"end":{"line":62,"column":70}}]},"10":{"loc":{"start":{"line":64,"column":6},"end":{"line":70,"column":null}},"type":"if","locations":[{"start":{"line":64,"column":6},"end":{"line":70,"column":null}}]},"11":{"loc":{"start":{"line":65,"column":8},"end":{"line":67,"column":20}},"type":"binary-expr","locations":[{"start":{"line":65,"column":8},"end":{"line":65,"column":68}},{"start":{"line":66,"column":8},"end":{"line":66,"column":45}},{"start":{"line":67,"column":8},"end":{"line":67,"column":20}}]}},"s":{"0":1,"1":4,"2":1,"3":3,"4":1,"5":2,"6":1,"7":1,"8":3,"9":1,"10":2,"11":2,"12":4,"13":4,"14":4,"15":4,"16":2,"17":1,"18":6,"19":3,"20":3,"21":1,"22":2,"23":1,"24":5,"25":5,"26":3,"27":2,"28":3,"29":1,"30":6,"31":6,"32":6,"33":6,"34":24,"35":24,"36":24,"37":24,"38":6,"39":6,"40":1},"f":{"0":4,"1":2,"2":6,"3":5,"4":6},"b":{"0":[1,3],"1":[1,2],"2":[1,1],"3":[3,3],"4":[1],"5":[3],"6":[5,3],"7":[2],"8":[24],"9":[24,11],"10":[6],"11":[24,17,12]}}
}
