TN:
SF:src/app/Analytics/SRE_Analytics/RecommendationComponents/ChartDataPreparation.tsx
FN:3,filterDataByTerm
FN:19,formatTimestamps
FN:32,formatNumber
FN:40,addPlusSign
FN:52,filterLastNNDayData
FNF:5
FNH:5
FNDA:4,filterDataByTerm
FNDA:2,formatTimestamps
FNDA:6,formatNumber
FNDA:5,addPlusSign
FNDA:6,filterLastNNDayData
DA:1,1
DA:3,1
DA:6,4
DA:7,1
DA:8,3
DA:9,1
DA:10,2
DA:11,1
DA:13,1
DA:16,3
DA:19,1
DA:20,2
DA:22,2
DA:23,4
DA:24,4
DA:25,4
DA:26,4
DA:29,2
DA:32,1
DA:33,6
DA:34,3
DA:35,3
DA:36,1
DA:38,2
DA:40,1
DA:41,5
DA:43,5
DA:44,3
DA:45,2
DA:49,3
DA:52,1
DA:53,6
DA:54,6
DA:55,6
DA:57,6
DA:58,24
DA:59,24
DA:61,24
DA:64,24
DA:69,6
DA:74,6
LF:41
LH:41
BRDA:6,0,0,1
BRDA:6,0,1,3
BRDA:8,1,0,1
BRDA:8,1,1,2
BRDA:10,2,0,1
BRDA:10,2,1,1
BRDA:33,3,0,3
BRDA:33,3,1,3
BRDA:35,4,0,1
BRDA:43,5,0,3
BRDA:43,6,0,5
BRDA:43,6,1,3
BRDA:44,7,0,2
BRDA:58,8,0,24
BRDA:61,9,0,24
BRDA:61,9,1,11
BRDA:64,10,0,6
BRDA:65,11,0,24
BRDA:65,11,1,17
BRDA:65,11,2,12
BRF:20
BRH:20
end_of_record
