TN:
SF:src/app/Analytics/SRE_Analytics/RecommendationComponents/ChartDataPreparation.tsx
FN:1,filterDataByTerm
FN:31,formatTimestamps
FN:44,formatNumber
FN:52,addPlusSign
FNF:4
FNH:4
FNDA:4,filterDataByTerm
FNDA:2,formatTimestamps
FNDA:6,formatNumber
FNDA:5,addPlusSign
DA:1,1
DA:4,4
DA:5,1
DA:6,3
DA:7,1
DA:8,2
DA:9,1
DA:11,1
DA:14,3
DA:15,3
DA:16,3
DA:18,3
DA:19,45
DA:20,45
DA:22,45
DA:23,22
DA:28,3
DA:31,1
DA:32,2
DA:34,2
DA:35,4
DA:36,4
DA:37,4
DA:38,4
DA:41,2
DA:44,1
DA:45,6
DA:46,3
DA:47,3
DA:48,1
DA:50,2
DA:52,1
DA:53,5
DA:55,5
DA:56,3
DA:57,2
DA:61,3
LF:37
LH:37
BRDA:4,0,0,1
BRDA:4,0,1,3
BRDA:6,1,0,1
BRDA:6,1,1,2
BRDA:8,2,0,1
BRDA:8,2,1,1
BRDA:19,3,0,45
BRDA:22,4,0,22
BRDA:22,5,0,45
BRDA:22,5,1,25
BRDA:45,6,0,3
BRDA:45,6,1,3
BRDA:47,7,0,1
BRDA:55,8,0,3
BRDA:55,9,0,5
BRDA:55,9,1,3
BRDA:56,10,0,2
BRF:17
BRH:17
end_of_record
